<?xml version="1.0" encoding="UTF-8"?>
<testng-results ignored="0" total="2" passed="2" failed="0" skipped="0">
  <reporter-output>
  </reporter-output>
  <suite started-at="2022-08-24T15:40:15Z" name="Default suite" finished-at="2022-08-24T15:40:21Z" duration-ms="6204">
    <groups>
    </groups>
    <test started-at="2022-08-24T15:40:15Z" name="Default test" finished-at="2022-08-24T15:40:21Z" duration-ms="6204">
      <class name="com.qa.hs.tests.LoginTest">
        <test-method signature="loginTest()[pri:0, instance:com.qa.hs.tests.LoginTest@248e319b]" started-at="2022-08-24T15:40:15Z" name="loginTest" finished-at="2022-08-24T15:40:21Z" duration-ms="6116" status="PASS">
          <reporter-output>
          </reporter-output>
        </test-method> <!-- loginTest -->
        <test-method signature="signUpTest()[pri:0, instance:com.qa.hs.tests.LoginTest@248e319b]" started-at="2022-08-24T15:40:21Z" name="signUpTest" finished-at="2022-08-24T15:40:21Z" duration-ms="57" status="PASS">
          <reporter-output>
          </reporter-output>
        </test-method> <!-- signUpTest -->
      </class> <!-- com.qa.hs.tests.LoginTest -->
    </test> <!-- Default test -->
  </suite> <!-- Default suite -->
</testng-results>
